<?xml version="1.0" encoding="UTF-8"?>
<testng-results skipped="0" failed="0" total="2" passed="2">
  <reporter-output>
  </reporter-output>
  <suite name="Default suite" duration-ms="2917" started-at="2021-01-20T19:17:51Z" finished-at="2021-01-20T19:17:54Z">
    <groups>
    </groups>
    <test name="Default test" duration-ms="2917" started-at="2021-01-20T19:17:51Z" finished-at="2021-01-20T19:17:54Z">
      <class name="NASATechTransfer.GetDataFromNASADemo">
        <test-method status="PASS" signature="testResponseCode()[pri:0, instance:NASATechTransfer.GetDataFromNASADemo@27f674d]" name="testResponseCode" duration-ms="2583" started-at="2021-01-20T14:17:51Z" finished-at="2021-01-20T14:17:53Z">
          <reporter-output>
          </reporter-output>
        </test-method> <!-- testResponseCode -->
        <test-method status="PASS" signature="testResults()[pri:0, instance:NASATechTransfer.GetDataFromNASADemo@27f674d]" name="testResults" duration-ms="323" started-at="2021-01-20T14:17:53Z" finished-at="2021-01-20T14:17:54Z">
          <reporter-output>
          </reporter-output>
        </test-method> <!-- testResults -->
      </class> <!-- NASATechTransfer.GetDataFromNASADemo -->
    </test> <!-- Default test -->
  </suite> <!-- Default suite -->
</testng-results>
