<?xml version="1.0" encoding="UTF-8"?>
<testng-results skipped="0" failed="0" total="1" passed="1">
  <reporter-output>
  </reporter-output>
  <suite name="Default suite" duration-ms="3369" started-at="2021-01-20T22:46:49Z" finished-at="2021-01-20T22:46:53Z">
    <groups>
    </groups>
    <test name="Default test" duration-ms="3369" started-at="2021-01-20T22:46:49Z" finished-at="2021-01-20T22:46:53Z">
      <class name="NASATechTransfer.GetResultsFromNASA">
        <test-method status="PASS" signature="retrieveResultsFromNASA()[pri:0, instance:NASATechTransfer.GetResultsFromNASA@27f674d]" name="retrieveResultsFromNASA" duration-ms="3358" started-at="2021-01-20T17:46:49Z" finished-at="2021-01-20T17:46:53Z">
          <reporter-output>
          </reporter-output>
        </test-method> <!-- retrieveResultsFromNASA -->
      </class> <!-- NASATechTransfer.GetResultsFromNASA -->
    </test> <!-- Default test -->
  </suite> <!-- Default suite -->
</testng-results>
